2026-04-11 09:28:33,859 - INFO - ------------- Starting data ingestion... ------------- 

2026-04-11 09:28:33,860 - INFO - 
--------------------------------------------------------------------------
2026-04-11 09:28:33,860 - INFO - Starting Ingestion for Exam Data (exam_cell.csv): C:\Users\chada\Desktop\Projects\Data Pipeline\data\raw\exam_cell.csv
2026-04-11 09:28:33,861 - INFO - Hashing file: exam_cell.csv
2026-04-11 09:28:33,861 - INFO - Hashing completed for file exam_cell.csv
2026-04-11 09:28:33,873 - INFO - File is unchanged for Exam Data (exam_cell.csv). Attempting to load from cache...
2026-04-11 09:28:33,880 - INFO - Loaded cached dataframe for exam_cell.csv (20 rows)
2026-04-11 09:28:33,882 - INFO - 
--------------------------------------------------------------------------
2026-04-11 09:28:33,884 - INFO - Starting Ingestion for Student Details Data (student_details.csv): C:\Users\chada\Desktop\Projects\Data Pipeline\data\raw\student_details.csv
2026-04-11 09:28:33,884 - INFO - Hashing file: student_details.csv
2026-04-11 09:28:33,885 - INFO - Hashing completed for file student_details.csv
2026-04-11 09:28:33,891 - INFO - File is unchanged for Student Details Data (student_details.csv). Attempting to load from cache...
2026-04-11 09:28:33,894 - INFO - Loaded cached dataframe for student_details.csv (20 rows)
2026-04-11 09:28:33,895 - INFO - 
--------------------------------------------------------------------------
2026-04-11 09:28:33,895 - INFO - Starting Ingestion for Attendance Data (attendance.csv): C:\Users\chada\Desktop\Projects\Data Pipeline\data\raw\attendance.csv
2026-04-11 09:28:33,896 - INFO - Hashing file: attendance.csv
2026-04-11 09:28:33,896 - INFO - Hashing completed for file attendance.csv
2026-04-11 09:28:33,899 - INFO - File is unchanged for Attendance Data (attendance.csv). Attempting to load from cache...
2026-04-11 09:28:33,901 - INFO - Loaded cached dataframe for attendance.csv (20 rows)
2026-04-11 09:28:33,902 - INFO - 
--------------------------------------------------------------------------
2026-04-11 09:28:33,902 - INFO - Starting Ingestion for Skills Data (skills_portal.csv): C:\Users\chada\Desktop\Projects\Data Pipeline\data\raw\skills_portal.csv
2026-04-11 09:28:33,902 - INFO - Hashing file: skills_portal.csv
2026-04-11 09:28:33,903 - INFO - Hashing completed for file skills_portal.csv
2026-04-11 09:28:33,906 - INFO - File is unchanged for Skills Data (skills_portal.csv). Attempting to load from cache...
2026-04-11 09:28:33,908 - INFO - Loaded cached dataframe for skills_portal.csv (20 rows)
2026-04-11 09:28:33,909 - INFO - 
--------------------------------------------------------------------------
2026-04-11 09:28:33,909 - INFO - Starting Ingestion for Company Rules Data (company_rules.csv): C:\Users\chada\Desktop\Projects\Data Pipeline\data\raw\company_rules.csv
2026-04-11 09:28:33,910 - INFO - Hashing file: company_rules.csv
2026-04-11 09:28:33,910 - INFO - Hashing completed for file company_rules.csv
2026-04-11 09:28:33,913 - INFO - File is unchanged for Company Rules Data (company_rules.csv). Attempting to load from cache...
2026-04-11 09:28:33,915 - INFO - Loaded cached dataframe for company_rules.csv (10 rows)
2026-04-11 09:28:33,915 - INFO - ------------- Finished data ingestion. ------------- 

2026-04-11 09:28:33,963 - INFO - 
--------------------------------------------------------------------------
2026-04-11 09:28:33,964 - INFO - --------------- Cleaning all sources... ---------------

2026-04-11 09:28:33,964 - INFO - Cleaning student details data...
2026-04-11 09:28:33,995 - INFO - Cleaned student details data...
2026-04-11 09:28:33,996 - INFO - Cleaning exam data...
2026-04-11 09:28:34,012 - INFO - Cleaned exam data...
2026-04-11 09:28:34,012 - INFO - Cleaning attendance data...
2026-04-11 09:28:34,018 - INFO - Cleaned attendance data...
2026-04-11 09:28:34,019 - INFO - Cleaning skills data...
2026-04-11 09:28:34,025 - INFO - Cleaned skills data...
2026-04-11 09:28:34,025 - INFO - Cleaning company rules data...
2026-04-11 09:28:34,035 - INFO - Cleaned company rules data...
2026-04-11 09:28:34,035 - INFO - --------------- Cleaned all sources ---------------

2026-04-11 09:28:34,088 - INFO - --------------- Preprocessing ALL Sources... ---------------

2026-04-11 09:28:34,088 - INFO - Preprocessing Student Details Data...
2026-04-11 09:28:34,102 - INFO - Preprocessed Student Details Data.
2026-04-11 09:28:34,104 - INFO - Preprocessing Exam Data...
2026-04-11 09:28:34,106 - INFO - Preprocessed Exam Data.
2026-04-11 09:28:34,106 - INFO - Preprocessing Attendance Data (No Preprocessing Needed)...
2026-04-11 09:28:34,107 - INFO - Preprocessed Attendance Data.
2026-04-11 09:28:34,107 - INFO - Preprocessing Skills Data...
2026-04-11 09:28:34,109 - INFO - Preprocessing Company Rules Data...
2026-04-11 09:28:34,110 - INFO - Preprocessed Company Rules Data.
2026-04-11 09:28:34,110 - INFO - --------------- Preprocessed ALL Sources ---------------

2026-04-11 09:28:34,158 - INFO - 
------------------------------------ ELIGIBILITY VIEW --------------------------------------
2026-04-11 09:28:34,158 - INFO - Non-empty dataframes available: ['student_details', 'exam', 'attendance', 'skills', 'company_rules']
2026-04-11 09:28:34,162 - INFO - 
Merging the datasets based on the student_id (skipping empty dataframes)...
2026-04-11 09:28:34,163 - INFO - Merging student details with exam data...
2026-04-11 09:28:34,170 - INFO - Merging with attendance data...
2026-04-11 09:28:34,175 - INFO - Merging with skills data...
2026-04-11 09:28:34,181 - INFO - 
Computing skills eligibility for each company...
2026-04-11 09:28:34,228 - INFO - Completed computing skills eligibility for all companies.
2026-04-11 09:28:34,230 - INFO - 
Computing placement readiness score for each company...
2026-04-11 09:28:34,262 - INFO - Completed computing placement readiness score for all companies.
2026-04-11 09:28:34,262 - INFO - 
Creating students table view...
2026-04-11 09:28:34,264 - INFO - 
Creating student-company match table view...
2026-04-11 09:28:34,281 - INFO - Created student-company match records view for all companies.
2026-04-11 09:28:34,284 - INFO - 
Final students table shape: (20, 14)
2026-04-11 09:28:34,285 - INFO - 
Final student-company match table shape: (200, 8)
2026-04-11 09:28:34,285 - INFO - 
------------------------------------ ELIGIBILITY VIEW BUILT --------------------------------------
2026-04-11 09:28:34,374 - INFO - 
------------------------------------ STARTING STORAGE STAGE --------------------------------------
2026-04-11 09:28:34,386 - INFO - Saved processed dataframes snapshots to CSV files in the outputs directory.
2026-04-11 09:28:34,386 - INFO - Loading data into PostgreSQL database...
2026-04-11 09:28:34,665 - INFO - Loaded students_df into StudentsTable.
2026-04-11 09:28:34,775 - INFO - Loaded student_company_match_df into StudentCompanyMatchTable.
2026-04-11 09:28:34,775 - INFO - Data loading into PostgreSQL completed successfully.
2026-04-11 09:28:34,776 - INFO - Storage stage completed successfully.
------------------------------------ END OF STORAGE STAGE --------------------------------------

2026-04-11 09:28:34,776 - INFO - 
------------------------------------ STARTING PREDICTION STAGE --------------------------------------
2026-04-11 09:28:34,803 - INFO - Saved prediction outputs to CSV files in the outputs directory.
2026-04-11 09:28:34,803 - INFO - Loading prediction outputs into PostgreSQL...
2026-04-11 09:28:35,231 - INFO - Loaded prediction outputs into PostgreSQL tables.
2026-04-11 09:28:35,253 - INFO - Prediction Summary:
prediction
Medium    140
High       48
Low        12
Name: count, dtype: int64
2026-04-11 09:28:35,254 - INFO - 
------------------------------------ ENDING PREDICTION STAGE --------------------------------------
2026-04-11 09:28:47,667 - INFO - ------------- Starting data ingestion... ------------- 

2026-04-11 09:28:47,668 - INFO - 
--------------------------------------------------------------------------
2026-04-11 09:28:47,668 - INFO - Starting Ingestion for Exam Data (exam_cell.csv): C:\Users\chada\Desktop\Projects\Data Pipeline\data\raw\exam_cell.csv
2026-04-11 09:28:47,669 - INFO - Hashing file: exam_cell.csv
2026-04-11 09:28:47,670 - INFO - Hashing completed for file exam_cell.csv
2026-04-11 09:28:47,673 - INFO - File is unchanged for Exam Data (exam_cell.csv). Attempting to load from cache...
2026-04-11 09:28:47,674 - INFO - Loaded cached dataframe for exam_cell.csv (20 rows)
2026-04-11 09:28:47,675 - INFO - 
--------------------------------------------------------------------------
2026-04-11 09:28:47,675 - INFO - Starting Ingestion for Student Details Data (student_details.csv): C:\Users\chada\Desktop\Projects\Data Pipeline\data\raw\student_details.csv
2026-04-11 09:28:47,676 - INFO - Hashing file: student_details.csv
2026-04-11 09:28:47,676 - INFO - Hashing completed for file student_details.csv
2026-04-11 09:28:47,679 - INFO - File is unchanged for Student Details Data (student_details.csv). Attempting to load from cache...
2026-04-11 09:28:47,680 - INFO - Loaded cached dataframe for student_details.csv (20 rows)
2026-04-11 09:28:47,681 - INFO - 
--------------------------------------------------------------------------
2026-04-11 09:28:47,681 - INFO - Starting Ingestion for Attendance Data (attendance.csv): C:\Users\chada\Desktop\Projects\Data Pipeline\data\raw\attendance.csv
2026-04-11 09:28:47,681 - INFO - Hashing file: attendance.csv
2026-04-11 09:28:47,681 - INFO - Hashing completed for file attendance.csv
2026-04-11 09:28:47,684 - INFO - File is unchanged for Attendance Data (attendance.csv). Attempting to load from cache...
2026-04-11 09:28:47,685 - INFO - Loaded cached dataframe for attendance.csv (20 rows)
2026-04-11 09:28:47,686 - INFO - 
--------------------------------------------------------------------------
2026-04-11 09:28:47,686 - INFO - Starting Ingestion for Skills Data (skills_portal.csv): C:\Users\chada\Desktop\Projects\Data Pipeline\data\raw\skills_portal.csv
2026-04-11 09:28:47,686 - INFO - Hashing file: skills_portal.csv
2026-04-11 09:28:47,686 - INFO - Hashing completed for file skills_portal.csv
2026-04-11 09:28:47,689 - INFO - File is unchanged for Skills Data (skills_portal.csv). Attempting to load from cache...
2026-04-11 09:28:47,689 - INFO - Loaded cached dataframe for skills_portal.csv (20 rows)
2026-04-11 09:28:47,690 - INFO - 
--------------------------------------------------------------------------
2026-04-11 09:28:47,690 - INFO - Starting Ingestion for Company Rules Data (company_rules.csv): C:\Users\chada\Desktop\Projects\Data Pipeline\data\raw\company_rules.csv
2026-04-11 09:28:47,690 - INFO - Hashing file: company_rules.csv
2026-04-11 09:28:47,690 - INFO - Hashing completed for file company_rules.csv
2026-04-11 09:28:47,692 - INFO - File is unchanged for Company Rules Data (company_rules.csv). Attempting to load from cache...
2026-04-11 09:28:47,694 - INFO - Loaded cached dataframe for company_rules.csv (10 rows)
2026-04-11 09:28:47,695 - INFO - ------------- Finished data ingestion. ------------- 

2026-04-11 09:28:47,722 - INFO - 
--------------------------------------------------------------------------
2026-04-11 09:28:47,722 - INFO - --------------- Cleaning all sources... ---------------

2026-04-11 09:28:47,723 - INFO - Cleaning student details data...
2026-04-11 09:28:47,731 - INFO - Cleaned student details data...
2026-04-11 09:28:47,732 - INFO - Cleaning exam data...
2026-04-11 09:28:47,742 - INFO - Cleaned exam data...
2026-04-11 09:28:47,743 - INFO - Cleaning attendance data...
2026-04-11 09:28:47,748 - INFO - Cleaned attendance data...
2026-04-11 09:28:47,748 - INFO - Cleaning skills data...
2026-04-11 09:28:47,753 - INFO - Cleaned skills data...
2026-04-11 09:28:47,754 - INFO - Cleaning company rules data...
2026-04-11 09:28:47,760 - INFO - Cleaned company rules data...
2026-04-11 09:28:47,760 - INFO - --------------- Cleaned all sources ---------------

2026-04-11 09:28:47,815 - INFO - --------------- Preprocessing ALL Sources... ---------------

2026-04-11 09:28:47,815 - INFO - Preprocessing Student Details Data...
2026-04-11 09:28:47,826 - INFO - Preprocessed Student Details Data.
2026-04-11 09:28:47,827 - INFO - Preprocessing Exam Data...
2026-04-11 09:28:47,828 - INFO - Preprocessed Exam Data.
2026-04-11 09:28:47,829 - INFO - Preprocessing Attendance Data (No Preprocessing Needed)...
2026-04-11 09:28:47,829 - INFO - Preprocessed Attendance Data.
2026-04-11 09:28:47,830 - INFO - Preprocessing Skills Data...
2026-04-11 09:28:47,831 - INFO - Preprocessing Company Rules Data...
2026-04-11 09:28:47,831 - INFO - Preprocessed Company Rules Data.
2026-04-11 09:28:47,831 - INFO - --------------- Preprocessed ALL Sources ---------------

2026-04-11 09:28:47,865 - INFO - 
------------------------------------ ELIGIBILITY VIEW --------------------------------------
2026-04-11 09:28:47,865 - INFO - Non-empty dataframes available: ['student_details', 'exam', 'attendance', 'skills', 'company_rules']
2026-04-11 09:28:47,867 - INFO - 
Merging the datasets based on the student_id (skipping empty dataframes)...
2026-04-11 09:28:47,868 - INFO - Merging student details with exam data...
2026-04-11 09:28:47,871 - INFO - Merging with attendance data...
2026-04-11 09:28:47,874 - INFO - Merging with skills data...
2026-04-11 09:28:47,879 - INFO - 
Computing skills eligibility for each company...
2026-04-11 09:28:47,967 - INFO - Completed computing skills eligibility for all companies.
2026-04-11 09:28:47,969 - INFO - 
Computing placement readiness score for each company...
2026-04-11 09:28:47,987 - INFO - Completed computing placement readiness score for all companies.
2026-04-11 09:28:47,988 - INFO - 
Creating students table view...
2026-04-11 09:28:47,989 - INFO - 
Creating student-company match table view...
2026-04-11 09:28:48,000 - INFO - Created student-company match records view for all companies.
2026-04-11 09:28:48,003 - INFO - 
Final students table shape: (20, 14)
2026-04-11 09:28:48,003 - INFO - 
Final student-company match table shape: (200, 8)
2026-04-11 09:28:48,003 - INFO - 
------------------------------------ ELIGIBILITY VIEW BUILT --------------------------------------
2026-04-11 09:28:48,063 - INFO - 
------------------------------------ STARTING STORAGE STAGE --------------------------------------
2026-04-11 09:28:48,072 - INFO - Saved processed dataframes snapshots to CSV files in the outputs directory.
2026-04-11 09:28:48,072 - INFO - Loading data into PostgreSQL database...
2026-04-11 09:28:48,134 - INFO - Loaded students_df into StudentsTable.
2026-04-11 09:28:48,232 - INFO - Loaded student_company_match_df into StudentCompanyMatchTable.
2026-04-11 09:28:48,232 - INFO - Data loading into PostgreSQL completed successfully.
2026-04-11 09:28:48,233 - INFO - Storage stage completed successfully.
------------------------------------ END OF STORAGE STAGE --------------------------------------

2026-04-11 09:28:48,233 - INFO - 
------------------------------------ STARTING PREDICTION STAGE --------------------------------------
2026-04-11 09:28:48,253 - INFO - Saved prediction outputs to CSV files in the outputs directory.
2026-04-11 09:28:48,253 - INFO - Loading prediction outputs into PostgreSQL...
2026-04-11 09:28:48,549 - INFO - Loaded prediction outputs into PostgreSQL tables.
2026-04-11 09:28:48,565 - INFO - Prediction Summary:
prediction
Medium    140
High       48
Low        12
Name: count, dtype: int64
2026-04-11 09:28:48,565 - INFO - 
------------------------------------ ENDING PREDICTION STAGE --------------------------------------
2026-04-11 17:23:09,129 - INFO - ------------- Starting data ingestion... ------------- 

2026-04-11 17:23:09,129 - INFO - 
--------------------------------------------------------------------------
2026-04-11 17:23:09,129 - INFO - Starting Ingestion for Exam Data (exam_cell.csv): C:\Users\chada\Desktop\Projects\Data Pipeline\data\raw\exam_cell.csv
2026-04-11 17:23:09,130 - ERROR - An error occurred while hashing file exam_cell.csv: [Errno 2] No such file or directory: 'C:\\Users\\chada\\Desktop\\Projects\\Data Pipeline\\data\\raw\\exam_cell.csv'
2026-04-11 17:23:09,130 - WARNING - Hashing for the file exam_cell.csv is SKIPPED. Continuing with the next file.
2026-04-11 17:23:09,130 - WARNING - Skipping file Exam Data (exam_cell.csv) because hashing failed.
2026-04-11 17:23:09,131 - INFO - 
--------------------------------------------------------------------------
2026-04-11 17:23:09,131 - INFO - Starting Ingestion for Student Details Data (student_details.csv): C:\Users\chada\Desktop\Projects\Data Pipeline\data\raw\student_details.csv
2026-04-11 17:23:09,132 - ERROR - An error occurred while hashing file student_details.csv: [Errno 2] No such file or directory: 'C:\\Users\\chada\\Desktop\\Projects\\Data Pipeline\\data\\raw\\student_details.csv'
2026-04-11 17:23:09,132 - WARNING - Hashing for the file student_details.csv is SKIPPED. Continuing with the next file.
2026-04-11 17:23:09,132 - WARNING - Skipping file Student Details Data (student_details.csv) because hashing failed.
2026-04-11 17:23:09,132 - INFO - 
--------------------------------------------------------------------------
2026-04-11 17:23:09,132 - INFO - Starting Ingestion for Attendance Data (attendance.csv): C:\Users\chada\Desktop\Projects\Data Pipeline\data\raw\attendance.csv
2026-04-11 17:23:09,133 - ERROR - An error occurred while hashing file attendance.csv: [Errno 2] No such file or directory: 'C:\\Users\\chada\\Desktop\\Projects\\Data Pipeline\\data\\raw\\attendance.csv'
2026-04-11 17:23:09,133 - WARNING - Hashing for the file attendance.csv is SKIPPED. Continuing with the next file.
2026-04-11 17:23:09,133 - WARNING - Skipping file Attendance Data (attendance.csv) because hashing failed.
2026-04-11 17:23:09,133 - INFO - 
--------------------------------------------------------------------------
2026-04-11 17:23:09,133 - INFO - Starting Ingestion for Skills Data (skills_portal.csv): C:\Users\chada\Desktop\Projects\Data Pipeline\data\raw\skills_portal.csv
2026-04-11 17:23:09,134 - ERROR - An error occurred while hashing file skills_portal.csv: [Errno 2] No such file or directory: 'C:\\Users\\chada\\Desktop\\Projects\\Data Pipeline\\data\\raw\\skills_portal.csv'
2026-04-11 17:23:09,134 - WARNING - Hashing for the file skills_portal.csv is SKIPPED. Continuing with the next file.
2026-04-11 17:23:09,134 - WARNING - Skipping file Skills Data (skills_portal.csv) because hashing failed.
2026-04-11 17:23:09,134 - INFO - 
--------------------------------------------------------------------------
2026-04-11 17:23:09,134 - INFO - Starting Ingestion for Company Rules Data (company_rules.csv): C:\Users\chada\Desktop\Projects\Data Pipeline\data\raw\company_rules.csv
2026-04-11 17:23:09,135 - ERROR - An error occurred while hashing file company_rules.csv: [Errno 2] No such file or directory: 'C:\\Users\\chada\\Desktop\\Projects\\Data Pipeline\\data\\raw\\company_rules.csv'
2026-04-11 17:23:09,135 - WARNING - Hashing for the file company_rules.csv is SKIPPED. Continuing with the next file.
2026-04-11 17:23:09,135 - WARNING - Skipping file Company Rules Data (company_rules.csv) because hashing failed.
2026-04-11 17:23:09,135 - INFO - ------------- Finished data ingestion. ------------- 

2026-04-11 17:23:09,143 - INFO - 
--------------------------------------------------------------------------
2026-04-11 17:23:09,143 - INFO - --------------- Cleaning all sources... ---------------

2026-04-11 17:23:09,143 - INFO - Cleaning student details data...
2026-04-11 17:23:09,144 - WARNING - Clean student details data: empty dataframe
2026-04-11 17:23:09,144 - INFO - Cleaning exam data...
2026-04-11 17:23:09,144 - WARNING - Clean exam data: empty dataframe
2026-04-11 17:23:09,145 - INFO - Cleaning attendance data...
2026-04-11 17:23:09,145 - WARNING - Clean attendance data: empty dataframe
2026-04-11 17:23:09,145 - INFO - Cleaning skills data...
2026-04-11 17:23:09,145 - WARNING - Clean skills data: empty dataframe
2026-04-11 17:23:09,145 - INFO - Cleaning company rules data...
2026-04-11 17:23:09,145 - WARNING - Clean company rules data: empty dataframe
2026-04-11 17:23:09,146 - INFO - --------------- Cleaned all sources ---------------

2026-04-11 17:23:09,150 - INFO - --------------- Preprocessing ALL Sources... ---------------

2026-04-11 17:23:09,150 - INFO - Preprocessing Student Details Data...
2026-04-11 17:23:09,151 - WARNING - Preprocessed Student details data: empty dataframe
2026-04-11 17:23:09,151 - INFO - Preprocessing Exam Data...
2026-04-11 17:23:09,151 - WARNING - Preprocessed Exam data: empty dataframe
2026-04-11 17:23:09,151 - INFO - Preprocessing Attendance Data (No Preprocessing Needed)...
2026-04-11 17:23:09,151 - WARNING - Preprocessed Attendance data: empty dataframe
2026-04-11 17:23:09,151 - INFO - Preprocessing Skills Data...
2026-04-11 17:23:09,152 - WARNING - Preprocessed Skills data: empty dataframe
2026-04-11 17:23:09,152 - INFO - Preprocessing Company Rules Data...
2026-04-11 17:23:09,152 - WARNING - Preprocessed Company rules data: empty dataframe
2026-04-11 17:23:09,152 - INFO - --------------- Preprocessed ALL Sources ---------------

2026-04-11 17:23:09,155 - INFO - 
------------------------------------ ELIGIBILITY VIEW --------------------------------------
2026-04-11 17:23:09,155 - WARNING - Found empty dataframes: ['student_details', 'exam', 'attendance', 'skills', 'company_rules']
2026-04-11 17:23:09,155 - INFO - Non-empty dataframes available: []
2026-04-11 17:23:43,333 - INFO - ------------- Starting data ingestion... ------------- 

2026-04-11 17:23:43,333 - INFO - 
--------------------------------------------------------------------------
2026-04-11 17:23:43,333 - INFO - Starting Ingestion for Exam Data (exam_cell.csv): C:\Users\chada\Desktop\Projects\Data Pipeline\data\raw\exam_cell.csv
2026-04-11 17:23:43,333 - ERROR - An error occurred while hashing file exam_cell.csv: [Errno 2] No such file or directory: 'C:\\Users\\chada\\Desktop\\Projects\\Data Pipeline\\data\\raw\\exam_cell.csv'
2026-04-11 17:23:43,334 - WARNING - Hashing for the file exam_cell.csv is SKIPPED. Continuing with the next file.
2026-04-11 17:23:43,334 - WARNING - Skipping file Exam Data (exam_cell.csv) because hashing failed.
2026-04-11 17:23:43,335 - INFO - 
--------------------------------------------------------------------------
2026-04-11 17:23:43,335 - INFO - Starting Ingestion for Student Details Data (student_details.csv): C:\Users\chada\Desktop\Projects\Data Pipeline\data\raw\student_details.csv
2026-04-11 17:23:43,335 - ERROR - An error occurred while hashing file student_details.csv: [Errno 2] No such file or directory: 'C:\\Users\\chada\\Desktop\\Projects\\Data Pipeline\\data\\raw\\student_details.csv'
2026-04-11 17:23:43,336 - WARNING - Hashing for the file student_details.csv is SKIPPED. Continuing with the next file.
2026-04-11 17:23:43,336 - WARNING - Skipping file Student Details Data (student_details.csv) because hashing failed.
2026-04-11 17:23:43,337 - INFO - 
--------------------------------------------------------------------------
2026-04-11 17:23:43,337 - INFO - Starting Ingestion for Attendance Data (attendance.csv): C:\Users\chada\Desktop\Projects\Data Pipeline\data\raw\attendance.csv
2026-04-11 17:23:43,337 - ERROR - An error occurred while hashing file attendance.csv: [Errno 2] No such file or directory: 'C:\\Users\\chada\\Desktop\\Projects\\Data Pipeline\\data\\raw\\attendance.csv'
2026-04-11 17:23:43,337 - WARNING - Hashing for the file attendance.csv is SKIPPED. Continuing with the next file.
2026-04-11 17:23:43,338 - WARNING - Skipping file Attendance Data (attendance.csv) because hashing failed.
2026-04-11 17:23:43,339 - INFO - 
--------------------------------------------------------------------------
2026-04-11 17:23:43,339 - INFO - Starting Ingestion for Skills Data (skills_portal.csv): C:\Users\chada\Desktop\Projects\Data Pipeline\data\raw\skills_portal.csv
2026-04-11 17:23:43,339 - ERROR - An error occurred while hashing file skills_portal.csv: [Errno 2] No such file or directory: 'C:\\Users\\chada\\Desktop\\Projects\\Data Pipeline\\data\\raw\\skills_portal.csv'
2026-04-11 17:23:43,339 - WARNING - Hashing for the file skills_portal.csv is SKIPPED. Continuing with the next file.
2026-04-11 17:23:43,340 - WARNING - Skipping file Skills Data (skills_portal.csv) because hashing failed.
2026-04-11 17:23:43,340 - INFO - 
--------------------------------------------------------------------------
2026-04-11 17:23:43,341 - INFO - Starting Ingestion for Company Rules Data (company_rules.csv): C:\Users\chada\Desktop\Projects\Data Pipeline\data\raw\company_rules.csv
2026-04-11 17:23:43,342 - ERROR - An error occurred while hashing file company_rules.csv: [Errno 2] No such file or directory: 'C:\\Users\\chada\\Desktop\\Projects\\Data Pipeline\\data\\raw\\company_rules.csv'
2026-04-11 17:23:43,342 - WARNING - Hashing for the file company_rules.csv is SKIPPED. Continuing with the next file.
2026-04-11 17:23:43,342 - WARNING - Skipping file Company Rules Data (company_rules.csv) because hashing failed.
2026-04-11 17:23:43,343 - INFO - ------------- Finished data ingestion. ------------- 

2026-04-11 17:23:43,347 - INFO - 
--------------------------------------------------------------------------
2026-04-11 17:23:43,348 - INFO - --------------- Cleaning all sources... ---------------

2026-04-11 17:23:43,348 - INFO - Cleaning student details data...
2026-04-11 17:23:43,348 - WARNING - Clean student details data: empty dataframe
2026-04-11 17:23:43,348 - INFO - Cleaning exam data...
2026-04-11 17:23:43,348 - WARNING - Clean exam data: empty dataframe
2026-04-11 17:23:43,348 - INFO - Cleaning attendance data...
2026-04-11 17:23:43,349 - WARNING - Clean attendance data: empty dataframe
2026-04-11 17:23:43,349 - INFO - Cleaning skills data...
2026-04-11 17:23:43,349 - WARNING - Clean skills data: empty dataframe
2026-04-11 17:23:43,350 - INFO - Cleaning company rules data...
2026-04-11 17:23:43,350 - WARNING - Clean company rules data: empty dataframe
2026-04-11 17:23:43,350 - INFO - --------------- Cleaned all sources ---------------

2026-04-11 17:23:43,353 - INFO - --------------- Preprocessing ALL Sources... ---------------

2026-04-11 17:23:43,354 - INFO - Preprocessing Student Details Data...
2026-04-11 17:23:43,354 - WARNING - Preprocessed Student details data: empty dataframe
2026-04-11 17:23:43,354 - INFO - Preprocessing Exam Data...
2026-04-11 17:23:43,354 - WARNING - Preprocessed Exam data: empty dataframe
2026-04-11 17:23:43,354 - INFO - Preprocessing Attendance Data (No Preprocessing Needed)...
2026-04-11 17:23:43,355 - WARNING - Preprocessed Attendance data: empty dataframe
2026-04-11 17:23:43,355 - INFO - Preprocessing Skills Data...
2026-04-11 17:23:43,355 - WARNING - Preprocessed Skills data: empty dataframe
2026-04-11 17:23:43,355 - INFO - Preprocessing Company Rules Data...
2026-04-11 17:23:43,355 - WARNING - Preprocessed Company rules data: empty dataframe
2026-04-11 17:23:43,356 - INFO - --------------- Preprocessed ALL Sources ---------------

2026-04-11 17:23:43,360 - INFO - 
------------------------------------ ELIGIBILITY VIEW --------------------------------------
2026-04-11 17:23:43,360 - WARNING - Found empty dataframes: ['student_details', 'exam', 'attendance', 'skills', 'company_rules']
2026-04-11 17:23:43,360 - INFO - Non-empty dataframes available: []
2026-04-11 17:23:46,624 - INFO - ------------- Starting data ingestion... ------------- 

2026-04-11 17:23:46,624 - INFO - 
--------------------------------------------------------------------------
2026-04-11 17:23:46,625 - INFO - Starting Ingestion for Exam Data (exam_cell.csv): C:\Users\chada\Desktop\Projects\Data Pipeline\data\raw\exam_cell.csv
2026-04-11 17:23:46,625 - ERROR - An error occurred while hashing file exam_cell.csv: [Errno 2] No such file or directory: 'C:\\Users\\chada\\Desktop\\Projects\\Data Pipeline\\data\\raw\\exam_cell.csv'
2026-04-11 17:23:46,625 - WARNING - Hashing for the file exam_cell.csv is SKIPPED. Continuing with the next file.
2026-04-11 17:23:46,625 - WARNING - Skipping file Exam Data (exam_cell.csv) because hashing failed.
2026-04-11 17:23:46,626 - INFO - 
--------------------------------------------------------------------------
2026-04-11 17:23:46,626 - INFO - Starting Ingestion for Student Details Data (student_details.csv): C:\Users\chada\Desktop\Projects\Data Pipeline\data\raw\student_details.csv
2026-04-11 17:23:46,627 - ERROR - An error occurred while hashing file student_details.csv: [Errno 2] No such file or directory: 'C:\\Users\\chada\\Desktop\\Projects\\Data Pipeline\\data\\raw\\student_details.csv'
2026-04-11 17:23:46,627 - WARNING - Hashing for the file student_details.csv is SKIPPED. Continuing with the next file.
2026-04-11 17:23:46,627 - WARNING - Skipping file Student Details Data (student_details.csv) because hashing failed.
2026-04-11 17:23:46,628 - INFO - 
--------------------------------------------------------------------------
2026-04-11 17:23:46,628 - INFO - Starting Ingestion for Attendance Data (attendance.csv): C:\Users\chada\Desktop\Projects\Data Pipeline\data\raw\attendance.csv
2026-04-11 17:23:46,629 - ERROR - An error occurred while hashing file attendance.csv: [Errno 2] No such file or directory: 'C:\\Users\\chada\\Desktop\\Projects\\Data Pipeline\\data\\raw\\attendance.csv'
2026-04-11 17:23:46,629 - WARNING - Hashing for the file attendance.csv is SKIPPED. Continuing with the next file.
2026-04-11 17:23:46,629 - WARNING - Skipping file Attendance Data (attendance.csv) because hashing failed.
2026-04-11 17:23:46,630 - INFO - 
--------------------------------------------------------------------------
2026-04-11 17:23:46,630 - INFO - Starting Ingestion for Skills Data (skills_portal.csv): C:\Users\chada\Desktop\Projects\Data Pipeline\data\raw\skills_portal.csv
2026-04-11 17:23:46,631 - ERROR - An error occurred while hashing file skills_portal.csv: [Errno 2] No such file or directory: 'C:\\Users\\chada\\Desktop\\Projects\\Data Pipeline\\data\\raw\\skills_portal.csv'
2026-04-11 17:23:46,631 - WARNING - Hashing for the file skills_portal.csv is SKIPPED. Continuing with the next file.
2026-04-11 17:23:46,632 - WARNING - Skipping file Skills Data (skills_portal.csv) because hashing failed.
2026-04-11 17:23:46,633 - INFO - 
--------------------------------------------------------------------------
2026-04-11 17:23:46,633 - INFO - Starting Ingestion for Company Rules Data (company_rules.csv): C:\Users\chada\Desktop\Projects\Data Pipeline\data\raw\company_rules.csv
2026-04-11 17:23:46,633 - ERROR - An error occurred while hashing file company_rules.csv: [Errno 2] No such file or directory: 'C:\\Users\\chada\\Desktop\\Projects\\Data Pipeline\\data\\raw\\company_rules.csv'
2026-04-11 17:23:46,634 - WARNING - Hashing for the file company_rules.csv is SKIPPED. Continuing with the next file.
2026-04-11 17:23:46,634 - WARNING - Skipping file Company Rules Data (company_rules.csv) because hashing failed.
2026-04-11 17:23:46,635 - INFO - ------------- Finished data ingestion. ------------- 

2026-04-11 17:23:46,638 - INFO - 
--------------------------------------------------------------------------
2026-04-11 17:23:46,639 - INFO - --------------- Cleaning all sources... ---------------

2026-04-11 17:23:46,639 - INFO - Cleaning student details data...
2026-04-11 17:23:46,639 - WARNING - Clean student details data: empty dataframe
2026-04-11 17:23:46,640 - INFO - Cleaning exam data...
2026-04-11 17:23:46,640 - WARNING - Clean exam data: empty dataframe
2026-04-11 17:23:46,640 - INFO - Cleaning attendance data...
2026-04-11 17:23:46,640 - WARNING - Clean attendance data: empty dataframe
2026-04-11 17:23:46,641 - INFO - Cleaning skills data...
2026-04-11 17:23:46,641 - WARNING - Clean skills data: empty dataframe
2026-04-11 17:23:46,641 - INFO - Cleaning company rules data...
2026-04-11 17:23:46,641 - WARNING - Clean company rules data: empty dataframe
2026-04-11 17:23:46,641 - INFO - --------------- Cleaned all sources ---------------

2026-04-11 17:23:46,645 - INFO - --------------- Preprocessing ALL Sources... ---------------

2026-04-11 17:23:46,645 - INFO - Preprocessing Student Details Data...
2026-04-11 17:23:46,646 - WARNING - Preprocessed Student details data: empty dataframe
2026-04-11 17:23:46,646 - INFO - Preprocessing Exam Data...
2026-04-11 17:23:46,646 - WARNING - Preprocessed Exam data: empty dataframe
2026-04-11 17:23:46,646 - INFO - Preprocessing Attendance Data (No Preprocessing Needed)...
2026-04-11 17:23:46,646 - WARNING - Preprocessed Attendance data: empty dataframe
2026-04-11 17:23:46,647 - INFO - Preprocessing Skills Data...
2026-04-11 17:23:46,647 - WARNING - Preprocessed Skills data: empty dataframe
2026-04-11 17:23:46,647 - INFO - Preprocessing Company Rules Data...
2026-04-11 17:23:46,647 - WARNING - Preprocessed Company rules data: empty dataframe
2026-04-11 17:23:46,647 - INFO - --------------- Preprocessed ALL Sources ---------------

2026-04-11 17:23:46,651 - INFO - 
------------------------------------ ELIGIBILITY VIEW --------------------------------------
2026-04-11 17:23:46,651 - WARNING - Found empty dataframes: ['student_details', 'exam', 'attendance', 'skills', 'company_rules']
2026-04-11 17:23:46,652 - INFO - Non-empty dataframes available: []
2026-04-11 22:21:05,297 - INFO - ------------- Starting data ingestion... ------------- 

2026-04-11 22:21:05,298 - INFO - 
--------------------------------------------------------------------------
2026-04-11 22:21:05,298 - INFO - Starting Ingestion for Exam Data (exam_cell.csv): C:\Users\chada\Desktop\Projects\Data Pipeline\data\raw\exam_cell.csv
2026-04-11 22:21:05,298 - INFO - Hashing file: exam_cell.csv
2026-04-11 22:21:05,299 - INFO - Hashing completed for file exam_cell.csv
2026-04-11 22:21:05,307 - INFO - File is unchanged for Exam Data (exam_cell.csv). Attempting to load from cache...
2026-04-11 22:21:05,312 - INFO - Loaded cached dataframe for exam_cell.csv (20 rows)
2026-04-11 22:21:05,313 - INFO - 
--------------------------------------------------------------------------
2026-04-11 22:21:05,314 - INFO - Starting Ingestion for Student Details Data (student_details.csv): C:\Users\chada\Desktop\Projects\Data Pipeline\data\raw\student_details.csv
2026-04-11 22:21:05,314 - INFO - Hashing file: student_details.csv
2026-04-11 22:21:05,314 - INFO - Hashing completed for file student_details.csv
2026-04-11 22:21:05,316 - INFO - File is unchanged for Student Details Data (student_details.csv). Attempting to load from cache...
2026-04-11 22:21:05,318 - INFO - Loaded cached dataframe for student_details.csv (20 rows)
2026-04-11 22:21:05,319 - INFO - 
--------------------------------------------------------------------------
2026-04-11 22:21:05,319 - INFO - Starting Ingestion for Attendance Data (attendance.csv): C:\Users\chada\Desktop\Projects\Data Pipeline\data\raw\attendance.csv
2026-04-11 22:21:05,319 - INFO - Hashing file: attendance.csv
2026-04-11 22:21:05,319 - INFO - Hashing completed for file attendance.csv
2026-04-11 22:21:05,321 - INFO - File is unchanged for Attendance Data (attendance.csv). Attempting to load from cache...
2026-04-11 22:21:05,322 - INFO - Loaded cached dataframe for attendance.csv (20 rows)
2026-04-11 22:21:05,323 - INFO - 
--------------------------------------------------------------------------
2026-04-11 22:21:05,323 - INFO - Starting Ingestion for Skills Data (skills_portal.csv): C:\Users\chada\Desktop\Projects\Data Pipeline\data\raw\skills_portal.csv
2026-04-11 22:21:05,324 - INFO - Hashing file: skills_portal.csv
2026-04-11 22:21:05,324 - INFO - Hashing completed for file skills_portal.csv
2026-04-11 22:21:05,325 - INFO - File is unchanged for Skills Data (skills_portal.csv). Attempting to load from cache...
2026-04-11 22:21:05,327 - INFO - Loaded cached dataframe for skills_portal.csv (20 rows)
2026-04-11 22:21:05,327 - INFO - 
--------------------------------------------------------------------------
2026-04-11 22:21:05,327 - INFO - Starting Ingestion for Company Rules Data (company_rules.csv): C:\Users\chada\Desktop\Projects\Data Pipeline\data\raw\company_rules.csv
2026-04-11 22:21:05,328 - INFO - Hashing file: company_rules.csv
2026-04-11 22:21:05,328 - INFO - Hashing completed for file company_rules.csv
2026-04-11 22:21:05,330 - INFO - File is unchanged for Company Rules Data (company_rules.csv). Attempting to load from cache...
2026-04-11 22:21:05,331 - INFO - Loaded cached dataframe for company_rules.csv (10 rows)
2026-04-11 22:21:05,332 - INFO - ------------- Finished data ingestion. ------------- 

2026-04-11 22:21:05,375 - INFO - 
--------------------------------------------------------------------------
2026-04-11 22:21:05,375 - INFO - --------------- Cleaning all sources... ---------------

2026-04-11 22:21:05,376 - INFO - Cleaning student details data...
2026-04-11 22:21:05,401 - INFO - Cleaned student details data...
2026-04-11 22:21:05,402 - INFO - Cleaning exam data...
2026-04-11 22:21:05,414 - INFO - Cleaned exam data...
2026-04-11 22:21:05,415 - INFO - Cleaning attendance data...
2026-04-11 22:21:05,420 - INFO - Cleaned attendance data...
2026-04-11 22:21:05,420 - INFO - Cleaning skills data...
2026-04-11 22:21:05,425 - INFO - Cleaned skills data...
2026-04-11 22:21:05,426 - INFO - Cleaning company rules data...
2026-04-11 22:21:05,433 - INFO - Cleaned company rules data...
2026-04-11 22:21:05,433 - INFO - --------------- Cleaned all sources ---------------

2026-04-11 22:21:05,467 - INFO - --------------- Preprocessing ALL Sources... ---------------

2026-04-11 22:21:05,468 - INFO - Preprocessing Student Details Data...
2026-04-11 22:21:05,479 - INFO - Preprocessed Student Details Data.
2026-04-11 22:21:05,480 - INFO - Preprocessing Exam Data...
2026-04-11 22:21:05,482 - INFO - Preprocessed Exam Data.
2026-04-11 22:21:05,483 - INFO - Preprocessing Attendance Data (No Preprocessing Needed)...
2026-04-11 22:21:05,483 - INFO - Preprocessed Attendance Data.
2026-04-11 22:21:05,484 - INFO - Preprocessing Skills Data...
2026-04-11 22:21:05,485 - INFO - Preprocessing Company Rules Data...
2026-04-11 22:21:05,486 - INFO - Preprocessed Company Rules Data.
2026-04-11 22:21:05,486 - INFO - --------------- Preprocessed ALL Sources ---------------

2026-04-11 22:21:05,533 - INFO - 
------------------------------------ ELIGIBILITY VIEW --------------------------------------
2026-04-11 22:21:05,534 - INFO - Non-empty dataframes available: ['student_details', 'exam', 'attendance', 'skills', 'company_rules']
2026-04-11 22:21:05,536 - INFO - 
Merging the datasets based on the student_id (skipping empty dataframes)...
2026-04-11 22:21:05,537 - INFO - Merging student details with exam data...
2026-04-11 22:21:05,543 - INFO - Merging with attendance data...
2026-04-11 22:21:05,547 - INFO - Merging with skills data...
2026-04-11 22:21:05,553 - INFO - 
Computing skills eligibility for each company...
2026-04-11 22:21:05,596 - INFO - Completed computing skills eligibility for all companies.
2026-04-11 22:21:05,597 - INFO - 
Computing placement readiness score for each company...
2026-04-11 22:21:05,621 - INFO - Completed computing placement readiness score for all companies.
2026-04-11 22:21:05,621 - INFO - 
Creating students table view...
2026-04-11 22:21:05,622 - INFO - 
Creating student-company match table view...
2026-04-11 22:21:05,633 - INFO - Created student-company match records view for all companies.
2026-04-11 22:21:05,635 - INFO - 
Final students table shape: (20, 14)
2026-04-11 22:21:05,635 - INFO - 
Final student-company match table shape: (200, 8)
2026-04-11 22:21:05,635 - INFO - 
------------------------------------ ELIGIBILITY VIEW BUILT --------------------------------------
2026-04-11 22:21:05,696 - INFO - 
------------------------------------ STARTING STORAGE STAGE --------------------------------------
2026-04-11 22:21:05,707 - INFO - Saved processed dataframes snapshots to CSV files in the outputs directory.
2026-04-11 22:21:05,708 - INFO - Loading data into PostgreSQL database...
2026-04-11 22:21:05,927 - INFO - Loaded students_df into StudentsTable.
2026-04-11 22:21:06,016 - INFO - Loaded student_company_match_df into StudentCompanyMatchTable.
2026-04-11 22:21:06,017 - INFO - Data loading into PostgreSQL completed successfully.
2026-04-11 22:21:06,018 - INFO - Storage stage completed successfully.
------------------------------------ END OF STORAGE STAGE --------------------------------------

2026-04-11 22:21:06,019 - INFO - 
------------------------------------ STARTING PREDICTION STAGE --------------------------------------
2026-04-11 22:21:06,044 - INFO - Saved prediction outputs to CSV files in the outputs directory.
2026-04-11 22:21:06,044 - INFO - Loading prediction outputs into PostgreSQL...
2026-04-11 22:21:06,411 - INFO - Loaded prediction outputs into PostgreSQL tables.
2026-04-11 22:21:06,429 - INFO - Prediction Summary:
prediction
Medium    140
High       48
Low        12
Name: count, dtype: int64
2026-04-11 22:21:06,429 - INFO - 
------------------------------------ ENDING PREDICTION STAGE --------------------------------------
2026-04-11 23:02:52,863 - INFO - ------------- Starting data ingestion... ------------- 

2026-04-11 23:02:52,863 - INFO - 
--------------------------------------------------------------------------
2026-04-11 23:02:52,863 - INFO - Starting Ingestion for Exam Data (exam_cell.csv): C:\Users\chada\Desktop\Projects\Data Pipeline\data\raw\exam_cell.csv
2026-04-11 23:02:52,864 - INFO - Hashing file: exam_cell.csv
2026-04-11 23:02:52,864 - INFO - Hashing completed for file exam_cell.csv
2026-04-11 23:02:52,870 - INFO - File is unchanged for Exam Data (exam_cell.csv). Attempting to load from cache...
2026-04-11 23:02:52,872 - INFO - Loaded cached dataframe for exam_cell.csv (20 rows)
2026-04-11 23:02:52,873 - INFO - 
--------------------------------------------------------------------------
2026-04-11 23:02:52,873 - INFO - Starting Ingestion for Student Details Data (student_details.csv): C:\Users\chada\Desktop\Projects\Data Pipeline\data\raw\student_details.csv
2026-04-11 23:02:52,873 - INFO - Hashing file: student_details.csv
2026-04-11 23:02:52,873 - INFO - Hashing completed for file student_details.csv
2026-04-11 23:02:52,875 - INFO - File is unchanged for Student Details Data (student_details.csv). Attempting to load from cache...
2026-04-11 23:02:52,876 - INFO - Loaded cached dataframe for student_details.csv (20 rows)
2026-04-11 23:02:52,877 - INFO - 
--------------------------------------------------------------------------
2026-04-11 23:02:52,877 - INFO - Starting Ingestion for Attendance Data (attendance.csv): C:\Users\chada\Desktop\Projects\Data Pipeline\data\raw\attendance.csv
2026-04-11 23:02:52,877 - INFO - Hashing file: attendance.csv
2026-04-11 23:02:52,877 - INFO - Hashing completed for file attendance.csv
2026-04-11 23:02:52,879 - INFO - File is unchanged for Attendance Data (attendance.csv). Attempting to load from cache...
2026-04-11 23:02:52,880 - INFO - Loaded cached dataframe for attendance.csv (20 rows)
2026-04-11 23:02:52,880 - INFO - 
--------------------------------------------------------------------------
2026-04-11 23:02:52,881 - INFO - Starting Ingestion for Skills Data (skills_portal.csv): C:\Users\chada\Desktop\Projects\Data Pipeline\data\raw\skills_portal.csv
2026-04-11 23:02:52,881 - INFO - Hashing file: skills_portal.csv
2026-04-11 23:02:52,881 - INFO - Hashing completed for file skills_portal.csv
2026-04-11 23:02:52,882 - INFO - File is unchanged for Skills Data (skills_portal.csv). Attempting to load from cache...
2026-04-11 23:02:52,883 - INFO - Loaded cached dataframe for skills_portal.csv (20 rows)
2026-04-11 23:02:52,884 - INFO - 
--------------------------------------------------------------------------
2026-04-11 23:02:52,884 - INFO - Starting Ingestion for Company Rules Data (company_rules.csv): C:\Users\chada\Desktop\Projects\Data Pipeline\data\raw\company_rules.csv
2026-04-11 23:02:52,885 - INFO - Hashing file: company_rules.csv
2026-04-11 23:02:52,885 - INFO - Hashing completed for file company_rules.csv
2026-04-11 23:02:52,886 - INFO - File is unchanged for Company Rules Data (company_rules.csv). Attempting to load from cache...
2026-04-11 23:02:52,887 - INFO - Loaded cached dataframe for company_rules.csv (10 rows)
2026-04-11 23:02:52,887 - INFO - ------------- Finished data ingestion. ------------- 

2026-04-11 23:02:52,908 - INFO - 
--------------------------------------------------------------------------
2026-04-11 23:02:52,909 - INFO - --------------- Cleaning all sources... ---------------

2026-04-11 23:02:52,909 - INFO - Cleaning student details data...
2026-04-11 23:02:52,915 - INFO - Cleaned student details data...
2026-04-11 23:02:52,915 - INFO - Cleaning exam data...
2026-04-11 23:02:52,923 - INFO - Cleaned exam data...
2026-04-11 23:02:52,923 - INFO - Cleaning attendance data...
2026-04-11 23:02:52,927 - INFO - Cleaned attendance data...
2026-04-11 23:02:52,928 - INFO - Cleaning skills data...
2026-04-11 23:02:52,932 - INFO - Cleaned skills data...
2026-04-11 23:02:52,932 - INFO - Cleaning company rules data...
2026-04-11 23:02:52,939 - INFO - Cleaned company rules data...
2026-04-11 23:02:52,939 - INFO - --------------- Cleaned all sources ---------------

2026-04-11 23:02:52,971 - INFO - --------------- Preprocessing ALL Sources... ---------------

2026-04-11 23:02:52,971 - INFO - Preprocessing Student Details Data...
2026-04-11 23:02:52,979 - INFO - Preprocessed Student Details Data.
2026-04-11 23:02:52,979 - INFO - Preprocessing Exam Data...
2026-04-11 23:02:52,981 - INFO - Preprocessed Exam Data.
2026-04-11 23:02:52,981 - INFO - Preprocessing Attendance Data (No Preprocessing Needed)...
2026-04-11 23:02:52,981 - INFO - Preprocessed Attendance Data.
2026-04-11 23:02:52,982 - INFO - Preprocessing Skills Data...
2026-04-11 23:02:52,983 - INFO - Preprocessing Company Rules Data...
2026-04-11 23:02:52,983 - INFO - Preprocessed Company Rules Data.
2026-04-11 23:02:52,983 - INFO - --------------- Preprocessed ALL Sources ---------------

2026-04-11 23:02:53,016 - INFO - 
------------------------------------ ELIGIBILITY VIEW --------------------------------------
2026-04-11 23:02:53,017 - INFO - Non-empty dataframes available: ['student_details', 'exam', 'attendance', 'skills', 'company_rules']
2026-04-11 23:02:53,018 - INFO - 
Merging the datasets based on the student_id (skipping empty dataframes)...
2026-04-11 23:02:53,018 - INFO - Merging student details with exam data...
2026-04-11 23:02:53,021 - INFO - Merging with attendance data...
2026-04-11 23:02:53,023 - INFO - Merging with skills data...
2026-04-11 23:02:53,027 - INFO - 
Computing skills eligibility for each company...
2026-04-11 23:02:53,060 - INFO - Completed computing skills eligibility for all companies.
2026-04-11 23:02:53,061 - INFO - 
Computing placement readiness score for each company...
2026-04-11 23:02:53,083 - INFO - Completed computing placement readiness score for all companies.
2026-04-11 23:02:53,083 - INFO - 
Creating students table view...
2026-04-11 23:02:53,084 - INFO - 
Creating student-company match table view...
2026-04-11 23:02:53,096 - INFO - Created student-company match records view for all companies.
2026-04-11 23:02:53,098 - INFO - 
Final students table shape: (20, 14)
2026-04-11 23:02:53,098 - INFO - 
Final student-company match table shape: (200, 8)
2026-04-11 23:02:53,098 - INFO - 
------------------------------------ ELIGIBILITY VIEW BUILT --------------------------------------
2026-04-11 23:02:53,170 - INFO - 
------------------------------------ STARTING STORAGE STAGE --------------------------------------
2026-04-11 23:02:53,175 - INFO - Saved processed dataframes snapshots to CSV files in the outputs directory.
2026-04-11 23:02:53,176 - INFO - Loading data into PostgreSQL database...
2026-04-11 23:02:53,338 - INFO - Loaded students_df into StudentsTable.
2026-04-11 23:02:53,425 - INFO - Loaded student_company_match_df into StudentCompanyMatchTable.
2026-04-11 23:02:53,425 - INFO - Data loading into PostgreSQL completed successfully.
2026-04-11 23:02:53,426 - INFO - Storage stage completed successfully.
------------------------------------ END OF STORAGE STAGE --------------------------------------

2026-04-11 23:02:53,426 - INFO - 
------------------------------------ STARTING PREDICTION STAGE --------------------------------------
2026-04-11 23:02:53,447 - INFO - Saved prediction outputs to CSV files in the outputs directory.
2026-04-11 23:02:53,447 - INFO - Loading prediction outputs into PostgreSQL...
2026-04-11 23:02:53,772 - INFO - Loaded prediction outputs into PostgreSQL tables.
2026-04-11 23:02:53,784 - INFO - Prediction Summary:
prediction
Medium    140
High       48
Low        12
Name: count, dtype: int64
2026-04-11 23:02:53,785 - INFO - 
------------------------------------ ENDING PREDICTION STAGE --------------------------------------
2026-04-11 23:04:07,154 - INFO - ------------- Starting data ingestion... ------------- 

2026-04-11 23:04:07,154 - INFO - 
--------------------------------------------------------------------------
2026-04-11 23:04:07,154 - INFO - Starting Ingestion for Exam Data (exam_cell.csv): C:\Users\chada\Desktop\Projects\Data Pipeline\data\raw\exam_cell.csv
2026-04-11 23:04:07,155 - INFO - Hashing file: exam_cell.csv
2026-04-11 23:04:07,155 - INFO - Hashing completed for file exam_cell.csv
2026-04-11 23:04:07,161 - INFO - File is unchanged for Exam Data (exam_cell.csv). Attempting to load from cache...
2026-04-11 23:04:07,162 - INFO - Loaded cached dataframe for exam_cell.csv (20 rows)
2026-04-11 23:04:07,162 - INFO - 
--------------------------------------------------------------------------
2026-04-11 23:04:07,163 - INFO - Starting Ingestion for Student Details Data (student_details.csv): C:\Users\chada\Desktop\Projects\Data Pipeline\data\raw\student_details.csv
2026-04-11 23:04:07,163 - INFO - Hashing file: student_details.csv
2026-04-11 23:04:07,163 - INFO - Hashing completed for file student_details.csv
2026-04-11 23:04:07,165 - INFO - File is unchanged for Student Details Data (student_details.csv). Attempting to load from cache...
2026-04-11 23:04:07,165 - INFO - Loaded cached dataframe for student_details.csv (20 rows)
2026-04-11 23:04:07,166 - INFO - 
--------------------------------------------------------------------------
2026-04-11 23:04:07,166 - INFO - Starting Ingestion for Attendance Data (attendance.csv): C:\Users\chada\Desktop\Projects\Data Pipeline\data\raw\attendance.csv
2026-04-11 23:04:07,166 - INFO - Hashing file: attendance.csv
2026-04-11 23:04:07,166 - INFO - Hashing completed for file attendance.csv
2026-04-11 23:04:07,168 - INFO - File is unchanged for Attendance Data (attendance.csv). Attempting to load from cache...
2026-04-11 23:04:07,169 - INFO - Loaded cached dataframe for attendance.csv (20 rows)
2026-04-11 23:04:07,169 - INFO - 
--------------------------------------------------------------------------
2026-04-11 23:04:07,169 - INFO - Starting Ingestion for Skills Data (skills_portal.csv): C:\Users\chada\Desktop\Projects\Data Pipeline\data\raw\skills_portal.csv
2026-04-11 23:04:07,170 - INFO - Hashing file: skills_portal.csv
2026-04-11 23:04:07,170 - INFO - Hashing completed for file skills_portal.csv
2026-04-11 23:04:07,171 - INFO - File is unchanged for Skills Data (skills_portal.csv). Attempting to load from cache...
2026-04-11 23:04:07,172 - INFO - Loaded cached dataframe for skills_portal.csv (20 rows)
2026-04-11 23:04:07,173 - INFO - 
--------------------------------------------------------------------------
2026-04-11 23:04:07,173 - INFO - Starting Ingestion for Company Rules Data (company_rules.csv): C:\Users\chada\Desktop\Projects\Data Pipeline\data\raw\company_rules.csv
2026-04-11 23:04:07,173 - INFO - Hashing file: company_rules.csv
2026-04-11 23:04:07,173 - INFO - Hashing completed for file company_rules.csv
2026-04-11 23:04:07,175 - INFO - File is unchanged for Company Rules Data (company_rules.csv). Attempting to load from cache...
2026-04-11 23:04:07,176 - INFO - Loaded cached dataframe for company_rules.csv (10 rows)
2026-04-11 23:04:07,176 - INFO - ------------- Finished data ingestion. ------------- 

2026-04-11 23:04:07,202 - INFO - 
--------------------------------------------------------------------------
2026-04-11 23:04:07,202 - INFO - --------------- Cleaning all sources... ---------------

2026-04-11 23:04:07,202 - INFO - Cleaning student details data...
2026-04-11 23:04:07,210 - INFO - Cleaned student details data...
2026-04-11 23:04:07,211 - INFO - Cleaning exam data...
2026-04-11 23:04:07,220 - INFO - Cleaned exam data...
2026-04-11 23:04:07,220 - INFO - Cleaning attendance data...
2026-04-11 23:04:07,225 - INFO - Cleaned attendance data...
2026-04-11 23:04:07,225 - INFO - Cleaning skills data...
2026-04-11 23:04:07,232 - INFO - Cleaned skills data...
2026-04-11 23:04:07,232 - INFO - Cleaning company rules data...
2026-04-11 23:04:07,239 - INFO - Cleaned company rules data...
2026-04-11 23:04:07,239 - INFO - --------------- Cleaned all sources ---------------

2026-04-11 23:04:07,279 - INFO - --------------- Preprocessing ALL Sources... ---------------

2026-04-11 23:04:07,279 - INFO - Preprocessing Student Details Data...
2026-04-11 23:04:07,288 - INFO - Preprocessed Student Details Data.
2026-04-11 23:04:07,289 - INFO - Preprocessing Exam Data...
2026-04-11 23:04:07,292 - INFO - Preprocessed Exam Data.
2026-04-11 23:04:07,292 - INFO - Preprocessing Attendance Data (No Preprocessing Needed)...
2026-04-11 23:04:07,293 - INFO - Preprocessed Attendance Data.
2026-04-11 23:04:07,293 - INFO - Preprocessing Skills Data...
2026-04-11 23:04:07,294 - INFO - Preprocessing Company Rules Data...
2026-04-11 23:04:07,294 - INFO - Preprocessed Company Rules Data.
2026-04-11 23:04:07,295 - INFO - --------------- Preprocessed ALL Sources ---------------

2026-04-11 23:04:07,329 - INFO - 
------------------------------------ ELIGIBILITY VIEW --------------------------------------
2026-04-11 23:04:07,329 - INFO - Non-empty dataframes available: ['student_details', 'exam', 'attendance', 'skills', 'company_rules']
2026-04-11 23:04:07,331 - INFO - 
Merging the datasets based on the student_id (skipping empty dataframes)...
2026-04-11 23:04:07,331 - INFO - Merging student details with exam data...
2026-04-11 23:04:07,334 - INFO - Merging with attendance data...
2026-04-11 23:04:07,337 - INFO - Merging with skills data...
2026-04-11 23:04:07,342 - INFO - 
Computing skills eligibility for each company...
2026-04-11 23:04:07,394 - INFO - Completed computing skills eligibility for all companies.
2026-04-11 23:04:07,395 - INFO - 
Computing placement readiness score for each company...
2026-04-11 23:04:07,424 - INFO - Completed computing placement readiness score for all companies.
2026-04-11 23:04:07,424 - INFO - 
Creating students table view...
2026-04-11 23:04:07,425 - INFO - 
Creating student-company match table view...
2026-04-11 23:04:07,437 - INFO - Created student-company match records view for all companies.
2026-04-11 23:04:07,439 - INFO - 
Final students table shape: (20, 14)
2026-04-11 23:04:07,439 - INFO - 
Final student-company match table shape: (200, 8)
2026-04-11 23:04:07,439 - INFO - 
------------------------------------ ELIGIBILITY VIEW BUILT --------------------------------------
2026-04-11 23:04:07,503 - INFO - 
------------------------------------ STARTING STORAGE STAGE --------------------------------------
2026-04-11 23:04:07,511 - INFO - Saved processed dataframes snapshots to CSV files in the outputs directory.
2026-04-11 23:04:07,511 - INFO - Loading data into PostgreSQL database...
2026-04-11 23:04:07,689 - INFO - Loaded students_df into StudentsTable.
2026-04-11 23:04:07,784 - INFO - Loaded student_company_match_df into StudentCompanyMatchTable.
2026-04-11 23:04:07,785 - INFO - Data loading into PostgreSQL completed successfully.
2026-04-11 23:04:07,785 - INFO - Storage stage completed successfully.
------------------------------------ END OF STORAGE STAGE --------------------------------------

2026-04-11 23:04:07,785 - INFO - 
------------------------------------ STARTING PREDICTION STAGE --------------------------------------
2026-04-11 23:04:07,805 - INFO - Saved prediction outputs to CSV files in the outputs directory.
2026-04-11 23:04:07,805 - INFO - Loading prediction outputs into PostgreSQL...
2026-04-11 23:04:08,185 - INFO - Loaded prediction outputs into PostgreSQL tables.
2026-04-11 23:04:08,202 - INFO - Prediction Summary:
prediction
Medium    140
High       48
Low        12
Name: count, dtype: int64
2026-04-11 23:04:08,203 - INFO - 
------------------------------------ ENDING PREDICTION STAGE --------------------------------------
2026-04-13 11:02:29,728 - INFO - ------------- Starting data ingestion... ------------- 

2026-04-13 11:02:29,729 - INFO - 
--------------------------------------------------------------------------
2026-04-13 11:02:29,729 - INFO - Starting Ingestion for Exam Data (exam_cell.csv): C:\Users\chada\Desktop\Projects\Data Pipeline\data\raw\exam_cell.csv
2026-04-13 11:02:29,730 - INFO - Hashing file: exam_cell.csv
2026-04-13 11:02:29,730 - INFO - Hashing completed for file exam_cell.csv
2026-04-13 11:02:29,740 - INFO - File is unchanged for Exam Data (exam_cell.csv). Attempting to load from cache...
2026-04-13 11:02:29,742 - INFO - Loaded cached dataframe for exam_cell.csv (20 rows)
2026-04-13 11:02:29,743 - INFO - 
--------------------------------------------------------------------------
2026-04-13 11:02:29,743 - INFO - Starting Ingestion for Student Details Data (student_details.csv): C:\Users\chada\Desktop\Projects\Data Pipeline\data\raw\student_details.csv
2026-04-13 11:02:29,743 - INFO - Hashing file: student_details.csv
2026-04-13 11:02:29,744 - INFO - Hashing completed for file student_details.csv
2026-04-13 11:02:29,746 - INFO - File is unchanged for Student Details Data (student_details.csv). Attempting to load from cache...
2026-04-13 11:02:29,747 - INFO - Loaded cached dataframe for student_details.csv (20 rows)
2026-04-13 11:02:29,748 - INFO - 
--------------------------------------------------------------------------
2026-04-13 11:02:29,748 - INFO - Starting Ingestion for Attendance Data (attendance.csv): C:\Users\chada\Desktop\Projects\Data Pipeline\data\raw\attendance.csv
2026-04-13 11:02:29,749 - INFO - Hashing file: attendance.csv
2026-04-13 11:02:29,749 - INFO - Hashing completed for file attendance.csv
2026-04-13 11:02:29,751 - INFO - File is unchanged for Attendance Data (attendance.csv). Attempting to load from cache...
2026-04-13 11:02:29,753 - INFO - Loaded cached dataframe for attendance.csv (20 rows)
2026-04-13 11:02:29,754 - INFO - 
--------------------------------------------------------------------------
2026-04-13 11:02:29,754 - INFO - Starting Ingestion for Skills Data (skills_portal.csv): C:\Users\chada\Desktop\Projects\Data Pipeline\data\raw\skills_portal.csv
2026-04-13 11:02:29,755 - INFO - Hashing file: skills_portal.csv
2026-04-13 11:02:29,755 - INFO - Hashing completed for file skills_portal.csv
2026-04-13 11:02:29,758 - INFO - File is unchanged for Skills Data (skills_portal.csv). Attempting to load from cache...
2026-04-13 11:02:29,760 - INFO - Loaded cached dataframe for skills_portal.csv (20 rows)
2026-04-13 11:02:29,761 - INFO - 
--------------------------------------------------------------------------
2026-04-13 11:02:29,761 - INFO - Starting Ingestion for Company Rules Data (company_rules.csv): C:\Users\chada\Desktop\Projects\Data Pipeline\data\raw\company_rules.csv
2026-04-13 11:02:29,761 - INFO - Hashing file: company_rules.csv
2026-04-13 11:02:29,761 - INFO - Hashing completed for file company_rules.csv
2026-04-13 11:02:29,763 - INFO - File is unchanged for Company Rules Data (company_rules.csv). Attempting to load from cache...
2026-04-13 11:02:29,765 - INFO - Loaded cached dataframe for company_rules.csv (10 rows)
2026-04-13 11:02:29,766 - INFO - ------------- Finished data ingestion. ------------- 

2026-04-13 11:02:29,794 - INFO - 
--------------------------------------------------------------------------
2026-04-13 11:02:29,794 - INFO - --------------- Cleaning all sources... ---------------

2026-04-13 11:02:29,794 - INFO - Cleaning student details data...
2026-04-13 11:02:29,815 - INFO - Cleaned student details data...
2026-04-13 11:02:29,816 - INFO - Cleaning exam data...
2026-04-13 11:02:29,827 - INFO - Cleaned exam data...
2026-04-13 11:02:29,827 - INFO - Cleaning attendance data...
2026-04-13 11:02:29,832 - INFO - Cleaned attendance data...
2026-04-13 11:02:29,833 - INFO - Cleaning skills data...
2026-04-13 11:02:29,838 - INFO - Cleaned skills data...
2026-04-13 11:02:29,838 - INFO - Cleaning company rules data...
2026-04-13 11:02:29,845 - INFO - Cleaned company rules data...
2026-04-13 11:02:29,845 - INFO - --------------- Cleaned all sources ---------------

2026-04-13 11:02:29,880 - INFO - --------------- Preprocessing ALL Sources... ---------------

2026-04-13 11:02:29,880 - INFO - Preprocessing Student Details Data...
2026-04-13 11:02:29,889 - INFO - Preprocessed Student Details Data.
2026-04-13 11:02:29,890 - INFO - Preprocessing Exam Data...
2026-04-13 11:02:29,892 - INFO - Preprocessed Exam Data.
2026-04-13 11:02:29,892 - INFO - Preprocessing Attendance Data (No Preprocessing Needed)...
2026-04-13 11:02:29,893 - INFO - Preprocessed Attendance Data.
2026-04-13 11:02:29,893 - INFO - Preprocessing Skills Data...
2026-04-13 11:02:29,894 - INFO - Preprocessing Company Rules Data...
2026-04-13 11:02:29,895 - INFO - Preprocessed Company Rules Data.
2026-04-13 11:02:29,895 - INFO - --------------- Preprocessed ALL Sources ---------------

2026-04-13 11:02:29,928 - INFO - 
------------------------------------ ELIGIBILITY VIEW --------------------------------------
2026-04-13 11:02:29,928 - INFO - Non-empty dataframes available: ['student_details', 'exam', 'attendance', 'skills', 'company_rules']
2026-04-13 11:02:29,931 - INFO - 
Merging the datasets based on the student_id (skipping empty dataframes)...
2026-04-13 11:02:29,932 - INFO - Merging student details with exam data...
2026-04-13 11:02:29,939 - INFO - Merging with attendance data...
2026-04-13 11:02:29,942 - INFO - Merging with skills data...
2026-04-13 11:02:29,947 - INFO - 
Computing skills eligibility for each company...
2026-04-13 11:02:29,992 - INFO - Completed computing skills eligibility for all companies.
2026-04-13 11:02:29,994 - INFO - 
Computing placement readiness score for each company...
2026-04-13 11:02:30,026 - INFO - Completed computing placement readiness score for all companies.
2026-04-13 11:02:30,027 - INFO - 
Creating students table view...
2026-04-13 11:02:30,029 - INFO - 
Creating student-company match table view...
2026-04-13 11:02:30,048 - INFO - Created student-company match records view for all companies.
2026-04-13 11:02:30,050 - INFO - 
Final students table shape: (20, 14)
2026-04-13 11:02:30,051 - INFO - 
Final student-company match table shape: (200, 8)
2026-04-13 11:02:30,051 - INFO - 
------------------------------------ ELIGIBILITY VIEW BUILT --------------------------------------
2026-04-13 11:02:30,122 - INFO - 
------------------------------------ STARTING STORAGE STAGE --------------------------------------
2026-04-13 11:02:30,136 - INFO - Saved processed dataframes snapshots to CSV files in the outputs directory.
2026-04-13 11:02:30,136 - INFO - Loading data into PostgreSQL database...
2026-04-13 11:02:30,387 - INFO - Loaded students_df into StudentsTable.
2026-04-13 11:02:30,505 - INFO - Loaded student_company_match_df into StudentCompanyMatchTable.
2026-04-13 11:02:30,506 - INFO - Data loading into PostgreSQL completed successfully.
2026-04-13 11:02:30,506 - INFO - Storage stage completed successfully.
------------------------------------ END OF STORAGE STAGE --------------------------------------

2026-04-13 11:02:30,507 - INFO - 
------------------------------------ STARTING PREDICTION STAGE --------------------------------------
2026-04-13 11:02:30,533 - INFO - Saved prediction outputs to CSV files in the outputs directory.
2026-04-13 11:02:30,533 - INFO - Loading prediction outputs into PostgreSQL...
2026-04-13 11:02:30,983 - INFO - Loaded prediction outputs into PostgreSQL tables.
2026-04-13 11:02:31,002 - INFO - Prediction Summary:
prediction
Medium    140
High       48
Low        12
Name: count, dtype: int64
2026-04-13 11:02:31,002 - INFO - 
------------------------------------ ENDING PREDICTION STAGE --------------------------------------
2026-04-13 23:34:44,597 - INFO - ------------- Starting data ingestion... ------------- 

2026-04-13 23:34:44,597 - INFO - 
--------------------------------------------------------------------------
2026-04-13 23:34:44,598 - INFO - Starting Ingestion for Exam Data (exam_cell.csv): C:\Users\chada\Desktop\Projects\Data Pipeline\data\raw\exam_cell.csv
2026-04-13 23:34:44,598 - INFO - Hashing file: exam_cell.csv
2026-04-13 23:34:44,599 - INFO - Hashing completed for file exam_cell.csv
2026-04-13 23:34:44,608 - INFO - File is unchanged for Exam Data (exam_cell.csv). Attempting to load from cache...
2026-04-13 23:34:44,610 - INFO - Loaded cached dataframe for exam_cell.csv (20 rows)
2026-04-13 23:34:44,611 - INFO - 
--------------------------------------------------------------------------
2026-04-13 23:34:44,611 - INFO - Starting Ingestion for Student Details Data (student_details.csv): C:\Users\chada\Desktop\Projects\Data Pipeline\data\raw\student_details.csv
2026-04-13 23:34:44,611 - INFO - Hashing file: student_details.csv
2026-04-13 23:34:44,612 - INFO - Hashing completed for file student_details.csv
2026-04-13 23:34:44,614 - INFO - File is unchanged for Student Details Data (student_details.csv). Attempting to load from cache...
2026-04-13 23:34:44,616 - INFO - Loaded cached dataframe for student_details.csv (20 rows)
2026-04-13 23:34:44,616 - INFO - 
--------------------------------------------------------------------------
2026-04-13 23:34:44,617 - INFO - Starting Ingestion for Attendance Data (attendance.csv): C:\Users\chada\Desktop\Projects\Data Pipeline\data\raw\attendance.csv
2026-04-13 23:34:44,617 - INFO - Hashing file: attendance.csv
2026-04-13 23:34:44,617 - INFO - Hashing completed for file attendance.csv
2026-04-13 23:34:44,619 - INFO - File is unchanged for Attendance Data (attendance.csv). Attempting to load from cache...
2026-04-13 23:34:44,620 - INFO - Loaded cached dataframe for attendance.csv (20 rows)
2026-04-13 23:34:44,621 - INFO - 
--------------------------------------------------------------------------
2026-04-13 23:34:44,621 - INFO - Starting Ingestion for Skills Data (skills_portal.csv): C:\Users\chada\Desktop\Projects\Data Pipeline\data\raw\skills_portal.csv
2026-04-13 23:34:44,621 - INFO - Hashing file: skills_portal.csv
2026-04-13 23:34:44,622 - INFO - Hashing completed for file skills_portal.csv
2026-04-13 23:34:44,623 - INFO - File is unchanged for Skills Data (skills_portal.csv). Attempting to load from cache...
2026-04-13 23:34:44,624 - INFO - Loaded cached dataframe for skills_portal.csv (20 rows)
2026-04-13 23:34:44,625 - INFO - 
--------------------------------------------------------------------------
2026-04-13 23:34:44,626 - INFO - Starting Ingestion for Company Rules Data (company_rules.csv): C:\Users\chada\Desktop\Projects\Data Pipeline\data\raw\company_rules.csv
2026-04-13 23:34:44,626 - INFO - Hashing file: company_rules.csv
2026-04-13 23:34:44,627 - INFO - Hashing completed for file company_rules.csv
2026-04-13 23:34:44,629 - INFO - File is unchanged for Company Rules Data (company_rules.csv). Attempting to load from cache...
2026-04-13 23:34:44,630 - INFO - Loaded cached dataframe for company_rules.csv (10 rows)
2026-04-13 23:34:44,631 - INFO - ------------- Finished data ingestion. ------------- 

2026-04-13 23:34:44,659 - INFO - 
--------------------------------------------------------------------------
2026-04-13 23:34:44,660 - INFO - --------------- Cleaning all sources... ---------------

2026-04-13 23:34:44,660 - INFO - Cleaning student details data...
2026-04-13 23:34:44,671 - INFO - Cleaned student details data...
2026-04-13 23:34:44,672 - INFO - Cleaning exam data...
2026-04-13 23:34:44,682 - INFO - Cleaned exam data...
2026-04-13 23:34:44,683 - INFO - Cleaning attendance data...
2026-04-13 23:34:44,688 - INFO - Cleaned attendance data...
2026-04-13 23:34:44,688 - INFO - Cleaning skills data...
2026-04-13 23:34:44,694 - INFO - Cleaned skills data...
2026-04-13 23:34:44,695 - INFO - Cleaning company rules data...
2026-04-13 23:34:44,702 - INFO - Cleaned company rules data...
2026-04-13 23:34:44,702 - INFO - --------------- Cleaned all sources ---------------

2026-04-13 23:34:44,736 - INFO - --------------- Preprocessing ALL Sources... ---------------

2026-04-13 23:34:44,737 - INFO - Preprocessing Student Details Data...
2026-04-13 23:34:44,745 - INFO - Preprocessed Student Details Data.
2026-04-13 23:34:44,746 - INFO - Preprocessing Exam Data...
2026-04-13 23:34:44,747 - INFO - Preprocessed Exam Data.
2026-04-13 23:34:44,747 - INFO - Preprocessing Attendance Data (No Preprocessing Needed)...
2026-04-13 23:34:44,748 - INFO - Preprocessed Attendance Data.
2026-04-13 23:34:44,748 - INFO - Preprocessing Skills Data...
2026-04-13 23:34:44,749 - INFO - Preprocessing Company Rules Data...
2026-04-13 23:34:44,750 - INFO - Preprocessed Company Rules Data.
2026-04-13 23:34:44,750 - INFO - --------------- Preprocessed ALL Sources ---------------

2026-04-13 23:34:44,782 - INFO - 
------------------------------------ ELIGIBILITY VIEW --------------------------------------
2026-04-13 23:34:44,782 - INFO - Non-empty dataframes available: ['student_details', 'exam', 'attendance', 'skills', 'company_rules']
2026-04-13 23:34:44,783 - INFO - 
Merging the datasets based on the student_id (skipping empty dataframes)...
2026-04-13 23:34:44,784 - INFO - Merging student details with exam data...
2026-04-13 23:34:44,789 - INFO - Merging with attendance data...
2026-04-13 23:34:44,792 - INFO - Merging with skills data...
2026-04-13 23:34:44,796 - INFO - 
Computing skills eligibility for each company...
2026-04-13 23:34:44,830 - INFO - Completed computing skills eligibility for all companies.
2026-04-13 23:34:44,831 - INFO - 
Computing placement readiness score for each company...
2026-04-13 23:34:44,850 - INFO - Completed computing placement readiness score for all companies.
2026-04-13 23:34:44,851 - INFO - 
Creating students table view...
2026-04-13 23:34:44,852 - INFO - 
Creating student-company match table view...
2026-04-13 23:34:44,863 - INFO - Created student-company match records view for all companies.
2026-04-13 23:34:44,865 - INFO - 
Final students table shape: (20, 14)
2026-04-13 23:34:44,865 - INFO - 
Final student-company match table shape: (200, 8)
2026-04-13 23:34:44,865 - INFO - 
------------------------------------ ELIGIBILITY VIEW BUILT --------------------------------------
2026-04-13 23:34:44,923 - INFO - 
------------------------------------ STARTING STORAGE STAGE --------------------------------------
2026-04-13 23:34:44,933 - INFO - Saved processed dataframes snapshots to CSV files in the outputs directory.
2026-04-13 23:34:44,933 - INFO - Loading data into PostgreSQL database...
2026-04-13 23:34:45,145 - INFO - Loaded students_df into StudentsTable.
2026-04-13 23:34:45,233 - INFO - Loaded student_company_match_df into StudentCompanyMatchTable.
2026-04-13 23:34:45,233 - INFO - Data loading into PostgreSQL completed successfully.
2026-04-13 23:34:45,234 - INFO - Storage stage completed successfully.
------------------------------------ END OF STORAGE STAGE --------------------------------------

2026-04-13 23:34:45,234 - INFO - 
------------------------------------ STARTING PREDICTION STAGE --------------------------------------
2026-04-13 23:34:45,254 - INFO - Saved prediction outputs to CSV files in the outputs directory.
2026-04-13 23:34:45,254 - INFO - Loading prediction outputs into PostgreSQL...
2026-04-13 23:34:45,596 - INFO - Loaded prediction outputs into PostgreSQL tables.
2026-04-13 23:34:45,614 - INFO - Prediction Summary:
prediction
Medium    140
High       48
Low        12
Name: count, dtype: int64
2026-04-13 23:34:45,614 - INFO - 
------------------------------------ ENDING PREDICTION STAGE --------------------------------------
